<?xml version="1.0" encoding="UTF-8"?>
<!-- Generated by org.testng.reporters.JUnitReportReporter -->
<testsuite hostname="LAPTOP-7UOI14JD" failures="0" tests="5" name="mavenprojectecom.BestSellerTestCase" time="152.484" errors="0" timestamp="2023-04-27T19:35:25 IST" skipped="0">
  <testcase classname="mavenprojectecom.BestSellerTestCase" name="test5" time="28.630"/>
  <system-out/>
  <testcase classname="mavenprojectecom.BestSellerTestCase" name="test1" time="44.582"/>
  <system-out/>
  <testcase classname="mavenprojectecom.BestSellerTestCase" name="test3" time="28.034"/>
  <system-out/>
  <testcase classname="mavenprojectecom.BestSellerTestCase" name="test2" time="28.039"/>
  <system-out/>
  <testcase classname="mavenprojectecom.BestSellerTestCase" name="test4" time="23.199"/>
  <system-out/>
</testsuite> <!-- mavenprojectecom.BestSellerTestCase -->
