<?xml version="1.0" encoding="UTF-8"?>
<!-- Generated by org.testng.reporters.JUnitReportReporter -->
<testsuite hostname="LAPTOP-7UOI14JD" failures="0" tests="5" name="mavenprojectecom.BestSellerTestCase" time="95.049" errors="0" timestamp="2023-05-01T19:49:25 IST" skipped="3">
  <testcase classname="mavenprojectecom.BestSellerTestCase" name="test2" time="37.368"/>
  <system-out/>
  <testcase classname="mavenprojectecom.BestSellerTestCase" name="test1" time="57.681"/>
  <system-out/>
  <testcase classname="mavenprojectecom.BestSellerTestCase" name="test4">
    <skipped/>
  </testcase> <!-- test4 -->
  <system-out/>
  <testcase classname="mavenprojectecom.BestSellerTestCase" name="test5">
    <skipped/>
  </testcase> <!-- test5 -->
  <system-out/>
  <testcase classname="mavenprojectecom.BestSellerTestCase" name="test3">
    <skipped/>
  </testcase> <!-- test3 -->
  <system-out/>
</testsuite> <!-- mavenprojectecom.BestSellerTestCase -->
